INFO  2020-02-23 12:46:31 [main] (Server.java:33) - Сервер запущен. Ожидаем подключения клиентов...
INFO  2020-02-23 12:47:03 [main] (Server.java:33) - Сервер запущен. Ожидаем подключения клиентов...
INFO  2020-02-23 12:48:20 [main] (Server.java:33) - Сервер запущен. Ожидаем подключения клиентов...
INFO  2020-02-23 12:48:44 [main] (Server.java:36) - Клиент подключился
INFO  2020-02-23 12:48:44 [pool-2-thread-1] (ClientHandler.java:84) - Сообщение от клиента: /auth login1 pass1
INFO  2020-02-23 12:48:51 [main] (Server.java:36) - Клиент подключился
INFO  2020-02-23 12:48:51 [pool-2-thread-2] (ClientHandler.java:84) - Сообщение от клиента: /auth login2 pass2
INFO  2020-02-23 12:48:54 [pool-2-thread-2] (ClientHandler.java:56) - Сообщение от клиента: afa
INFO  2020-02-23 12:48:56 [pool-2-thread-2] (ClientHandler.java:56) - Сообщение от клиента: привет
INFO  2020-02-23 12:48:59 [pool-2-thread-2] (ClientHandler.java:56) - Сообщение от клиента: /w Роман зар
INFO  2020-02-23 12:49:03 [pool-2-thread-1] (ClientHandler.java:56) - Сообщение от клиента: дароу
INFO  2020-02-23 12:49:06 [pool-2-thread-1] (ClientHandler.java:56) - Сообщение от клиента: /w Коля колян
INFO  2020-02-23 12:49:09 [pool-2-thread-1] (ClientHandler.java:56) - Сообщение от клиента: /end
INFO  2020-02-23 12:49:16 [main] (Server.java:36) - Клиент подключился
INFO  2020-02-23 12:49:16 [pool-2-thread-3] (ClientHandler.java:84) - Сообщение от клиента: /auth login3 pass3
INFO  2020-02-23 12:49:20 [pool-2-thread-3] (ClientHandler.java:56) - Сообщение от клиента: привет
ERROR 2020-02-23 12:49:22 [pool-2-thread-3] (ClientHandler.java:35) - Throwing
java.net.SocketException: Connection reset
	at java.net.SocketInputStream.read(SocketInputStream.java:210) ~[?:1.8.0_231]
	at java.net.SocketInputStream.read(SocketInputStream.java:141) ~[?:1.8.0_231]
	at java.net.SocketInputStream.read(SocketInputStream.java:224) ~[?:1.8.0_231]
	at java.io.DataInputStream.readUnsignedShort(DataInputStream.java:337) ~[?:1.8.0_231]
	at java.io.DataInputStream.readUTF(DataInputStream.java:589) ~[?:1.8.0_231]
	at java.io.DataInputStream.readUTF(DataInputStream.java:564) ~[?:1.8.0_231]
	at com.geekbrains.chat.server.ClientHandler.servTetATetClient(ClientHandler.java:55) ~[classes/:?]
	at com.geekbrains.chat.server.ClientHandler.lambda$new$0(ClientHandler.java:33) ~[classes/:?]
	at java.util.concurrent.ThreadPoolExecutor.runWorker(ThreadPoolExecutor.java:1149) [?:1.8.0_231]
	at java.util.concurrent.ThreadPoolExecutor$Worker.run(ThreadPoolExecutor.java:624) [?:1.8.0_231]
	at java.lang.Thread.run(Thread.java:748) [?:1.8.0_231]
ERROR 2020-02-23 12:49:24 [pool-2-thread-2] (ClientHandler.java:35) - Throwing
java.net.SocketException: Connection reset
	at java.net.SocketInputStream.read(SocketInputStream.java:210) ~[?:1.8.0_231]
	at java.net.SocketInputStream.read(SocketInputStream.java:141) ~[?:1.8.0_231]
	at java.net.SocketInputStream.read(SocketInputStream.java:224) ~[?:1.8.0_231]
	at java.io.DataInputStream.readUnsignedShort(DataInputStream.java:337) ~[?:1.8.0_231]
	at java.io.DataInputStream.readUTF(DataInputStream.java:589) ~[?:1.8.0_231]
	at java.io.DataInputStream.readUTF(DataInputStream.java:564) ~[?:1.8.0_231]
	at com.geekbrains.chat.server.ClientHandler.servTetATetClient(ClientHandler.java:55) ~[classes/:?]
	at com.geekbrains.chat.server.ClientHandler.lambda$new$0(ClientHandler.java:33) ~[classes/:?]
	at java.util.concurrent.ThreadPoolExecutor.runWorker(ThreadPoolExecutor.java:1149) [?:1.8.0_231]
	at java.util.concurrent.ThreadPoolExecutor$Worker.run(ThreadPoolExecutor.java:624) [?:1.8.0_231]
	at java.lang.Thread.run(Thread.java:748) [?:1.8.0_231]
INFO  2020-02-23 13:05:54 [main] (Server.java:33) - Сервер запущен. Ожидаем подключения клиентов...
INFO  2020-02-23 13:06:34 [main] (Server.java:36) - Клиент подключился
INFO  2020-02-23 13:06:34 [pool-2-thread-1] (ClientHandler.java:84) - Сообщение от клиента: /auth login1 pass1
INFO  2020-02-23 13:06:41 [main] (Server.java:36) - Клиент подключился
INFO  2020-02-23 13:06:41 [pool-2-thread-2] (ClientHandler.java:84) - Сообщение от клиента: /auth login2 pass2
INFO  2020-02-23 13:07:09 [main] (Server.java:36) - Клиент подключился
INFO  2020-02-23 13:07:09 [pool-2-thread-3] (ClientHandler.java:84) - Сообщение от клиента: /auth login3 pass3
INFO  2020-02-23 13:07:18 [pool-2-thread-3] (ClientHandler.java:56) - Сообщение от клиента: jhkjh
ERROR 2020-02-23 13:07:21 [pool-2-thread-2] (ClientHandler.java:35) - Throwing
java.net.SocketException: Connection reset
	at java.net.SocketInputStream.read(SocketInputStream.java:210) ~[?:1.8.0_231]
	at java.net.SocketInputStream.read(SocketInputStream.java:141) ~[?:1.8.0_231]
	at java.net.SocketInputStream.read(SocketInputStream.java:224) ~[?:1.8.0_231]
	at java.io.DataInputStream.readUnsignedShort(DataInputStream.java:337) ~[?:1.8.0_231]
	at java.io.DataInputStream.readUTF(DataInputStream.java:589) ~[?:1.8.0_231]
	at java.io.DataInputStream.readUTF(DataInputStream.java:564) ~[?:1.8.0_231]
	at com.geekbrains.chat.server.ClientHandler.servTetATetClient(ClientHandler.java:55) ~[classes/:?]
	at com.geekbrains.chat.server.ClientHandler.lambda$new$0(ClientHandler.java:33) ~[classes/:?]
	at java.util.concurrent.ThreadPoolExecutor.runWorker(ThreadPoolExecutor.java:1149) [?:1.8.0_231]
	at java.util.concurrent.ThreadPoolExecutor$Worker.run(ThreadPoolExecutor.java:624) [?:1.8.0_231]
	at java.lang.Thread.run(Thread.java:748) [?:1.8.0_231]
INFO  2020-02-23 13:07:37 [main] (Server.java:36) - Клиент подключился
INFO  2020-02-23 13:07:37 [pool-2-thread-2] (ClientHandler.java:84) - Сообщение от клиента: /auth login2 pass2
INFO  2020-02-23 13:07:46 [pool-2-thread-1] (ClientHandler.java:56) - Сообщение от клиента: /w Коля asda
INFO  2020-02-23 13:07:50 [pool-2-thread-1] (ClientHandler.java:56) - Сообщение от клиента: /w Ольга привет
INFO  2020-02-23 13:07:55 [pool-2-thread-3] (ClientHandler.java:56) - Сообщение от клиента: ривет
INFO  2020-02-23 13:08:01 [pool-2-thread-2] (ClientHandler.java:56) - Сообщение от клиента: /end
INFO  2020-02-23 13:08:03 [main] (Server.java:36) - Клиент подключился
INFO  2020-02-23 13:08:03 [pool-2-thread-2] (ClientHandler.java:84) - Сообщение от клиента: /auth  
ERROR 2020-02-23 13:08:05 [pool-2-thread-2] (ClientHandler.java:35) - Throwing
java.net.SocketException: Connection reset
	at java.net.SocketInputStream.read(SocketInputStream.java:210) ~[?:1.8.0_231]
	at java.net.SocketInputStream.read(SocketInputStream.java:141) ~[?:1.8.0_231]
	at java.net.SocketInputStream.read(SocketInputStream.java:224) ~[?:1.8.0_231]
	at java.io.DataInputStream.readUnsignedShort(DataInputStream.java:337) ~[?:1.8.0_231]
	at java.io.DataInputStream.readUTF(DataInputStream.java:589) ~[?:1.8.0_231]
	at java.io.DataInputStream.readUTF(DataInputStream.java:564) ~[?:1.8.0_231]
	at com.geekbrains.chat.server.ClientHandler.authServ(ClientHandler.java:83) ~[classes/:?]
	at com.geekbrains.chat.server.ClientHandler.lambda$new$0(ClientHandler.java:32) ~[classes/:?]
	at java.util.concurrent.ThreadPoolExecutor.runWorker(ThreadPoolExecutor.java:1149) [?:1.8.0_231]
	at java.util.concurrent.ThreadPoolExecutor$Worker.run(ThreadPoolExecutor.java:624) [?:1.8.0_231]
	at java.lang.Thread.run(Thread.java:748) [?:1.8.0_231]
ERROR 2020-02-23 13:08:06 [pool-2-thread-3] (ClientHandler.java:35) - Throwing
java.net.SocketException: Connection reset
	at java.net.SocketInputStream.read(SocketInputStream.java:210) ~[?:1.8.0_231]
	at java.net.SocketInputStream.read(SocketInputStream.java:141) ~[?:1.8.0_231]
	at java.net.SocketInputStream.read(SocketInputStream.java:224) ~[?:1.8.0_231]
	at java.io.DataInputStream.readUnsignedShort(DataInputStream.java:337) ~[?:1.8.0_231]
	at java.io.DataInputStream.readUTF(DataInputStream.java:589) ~[?:1.8.0_231]
	at java.io.DataInputStream.readUTF(DataInputStream.java:564) ~[?:1.8.0_231]
	at com.geekbrains.chat.server.ClientHandler.servTetATetClient(ClientHandler.java:55) ~[classes/:?]
	at com.geekbrains.chat.server.ClientHandler.lambda$new$0(ClientHandler.java:33) ~[classes/:?]
	at java.util.concurrent.ThreadPoolExecutor.runWorker(ThreadPoolExecutor.java:1149) [?:1.8.0_231]
	at java.util.concurrent.ThreadPoolExecutor$Worker.run(ThreadPoolExecutor.java:624) [?:1.8.0_231]
	at java.lang.Thread.run(Thread.java:748) [?:1.8.0_231]
ERROR 2020-02-23 13:08:07 [pool-2-thread-1] (ClientHandler.java:35) - Throwing
java.net.SocketException: Connection reset
	at java.net.SocketInputStream.read(SocketInputStream.java:210) ~[?:1.8.0_231]
	at java.net.SocketInputStream.read(SocketInputStream.java:141) ~[?:1.8.0_231]
	at java.net.SocketInputStream.read(SocketInputStream.java:224) ~[?:1.8.0_231]
	at java.io.DataInputStream.readUnsignedShort(DataInputStream.java:337) ~[?:1.8.0_231]
	at java.io.DataInputStream.readUTF(DataInputStream.java:589) ~[?:1.8.0_231]
	at java.io.DataInputStream.readUTF(DataInputStream.java:564) ~[?:1.8.0_231]
	at com.geekbrains.chat.server.ClientHandler.servTetATetClient(ClientHandler.java:55) ~[classes/:?]
	at com.geekbrains.chat.server.ClientHandler.lambda$new$0(ClientHandler.java:33) ~[classes/:?]
	at java.util.concurrent.ThreadPoolExecutor.runWorker(ThreadPoolExecutor.java:1149) [?:1.8.0_231]
	at java.util.concurrent.ThreadPoolExecutor$Worker.run(ThreadPoolExecutor.java:624) [?:1.8.0_231]
	at java.lang.Thread.run(Thread.java:748) [?:1.8.0_231]
INFO  2020-02-23 13:08:20 [main] (Server.java:33) - Сервер запущен. Ожидаем подключения клиентов...
INFO  2020-02-23 13:08:38 [main] (Server.java:36) - Клиент подключился
INFO  2020-02-23 13:08:38 [pool-2-thread-1] (ClientHandler.java:84) - Сообщение от клиента: /auth login2 pass2
INFO  2020-02-23 13:09:05 [pool-2-thread-1] (ClientHandler.java:56) - Сообщение от клиента: /change_nick Роман
INFO  2020-02-23 13:09:08 [pool-2-thread-1] (ClientHandler.java:56) - Сообщение от клиента: привет
INFO  2020-02-23 13:09:22 [pool-2-thread-1] (ClientHandler.java:56) - Сообщение от клиента: /change_nick Алексей
INFO  2020-02-23 13:09:24 [pool-2-thread-1] (ClientHandler.java:56) - Сообщение от клиента: ривет
ERROR 2020-02-23 13:09:29 [pool-2-thread-1] (ClientHandler.java:35) - Throwing
java.net.SocketException: Connection reset
	at java.net.SocketInputStream.read(SocketInputStream.java:210) ~[?:1.8.0_231]
	at java.net.SocketInputStream.read(SocketInputStream.java:141) ~[?:1.8.0_231]
	at java.net.SocketInputStream.read(SocketInputStream.java:224) ~[?:1.8.0_231]
	at java.io.DataInputStream.readUnsignedShort(DataInputStream.java:337) ~[?:1.8.0_231]
	at java.io.DataInputStream.readUTF(DataInputStream.java:589) ~[?:1.8.0_231]
	at java.io.DataInputStream.readUTF(DataInputStream.java:564) ~[?:1.8.0_231]
	at com.geekbrains.chat.server.ClientHandler.servTetATetClient(ClientHandler.java:55) ~[classes/:?]
	at com.geekbrains.chat.server.ClientHandler.lambda$new$0(ClientHandler.java:33) ~[classes/:?]
	at java.util.concurrent.ThreadPoolExecutor.runWorker(ThreadPoolExecutor.java:1149) [?:1.8.0_231]
	at java.util.concurrent.ThreadPoolExecutor$Worker.run(ThreadPoolExecutor.java:624) [?:1.8.0_231]
	at java.lang.Thread.run(Thread.java:748) [?:1.8.0_231]
INFO  2020-02-23 13:09:50 [main] (Server.java:36) - Клиент подключился
INFO  2020-02-23 13:09:50 [pool-2-thread-2] (ClientHandler.java:84) - Сообщение от клиента: /auth login2 pass2
INFO  2020-02-23 13:09:54 [pool-2-thread-2] (ClientHandler.java:56) - Сообщение от клиента: привет
ERROR 2020-02-23 13:09:56 [pool-2-thread-2] (ClientHandler.java:35) - Throwing
java.net.SocketException: Connection reset
	at java.net.SocketInputStream.read(SocketInputStream.java:210) ~[?:1.8.0_231]
	at java.net.SocketInputStream.read(SocketInputStream.java:141) ~[?:1.8.0_231]
	at java.net.SocketInputStream.read(SocketInputStream.java:224) ~[?:1.8.0_231]
	at java.io.DataInputStream.readUnsignedShort(DataInputStream.java:337) ~[?:1.8.0_231]
	at java.io.DataInputStream.readUTF(DataInputStream.java:589) ~[?:1.8.0_231]
	at java.io.DataInputStream.readUTF(DataInputStream.java:564) ~[?:1.8.0_231]
	at com.geekbrains.chat.server.ClientHandler.servTetATetClient(ClientHandler.java:55) ~[classes/:?]
	at com.geekbrains.chat.server.ClientHandler.lambda$new$0(ClientHandler.java:33) ~[classes/:?]
	at java.util.concurrent.ThreadPoolExecutor.runWorker(ThreadPoolExecutor.java:1149) [?:1.8.0_231]
	at java.util.concurrent.ThreadPoolExecutor$Worker.run(ThreadPoolExecutor.java:624) [?:1.8.0_231]
	at java.lang.Thread.run(Thread.java:748) [?:1.8.0_231]
INFO  2020-03-25 22:32:36 [main] (Server.java:33) - Сервер запущен. Ожидаем подключения клиентов...
INFO  2020-03-25 22:32:47 [main] (Server.java:36) - Клиент подключился
INFO  2020-03-25 22:32:47 [pool-2-thread-1] (ClientHandler.java:84) - Сообщение от клиента: /auth login2 pass2
INFO  2020-03-25 22:33:00 [main] (Server.java:36) - Клиент подключился
INFO  2020-03-25 22:33:00 [pool-2-thread-2] (ClientHandler.java:84) - Сообщение от клиента: /auth login1 pass1
INFO  2020-03-25 22:33:05 [pool-2-thread-2] (ClientHandler.java:84) - Сообщение от клиента: /auth asdas asdf
ERROR 2020-03-25 22:33:12 [pool-2-thread-2] (ClientHandler.java:35) - Throwing
java.net.SocketException: Connection reset
	at java.net.SocketInputStream.read(SocketInputStream.java:210) ~[?:1.8.0_241]
	at java.net.SocketInputStream.read(SocketInputStream.java:141) ~[?:1.8.0_241]
	at java.net.SocketInputStream.read(SocketInputStream.java:224) ~[?:1.8.0_241]
	at java.io.DataInputStream.readUnsignedShort(DataInputStream.java:337) ~[?:1.8.0_241]
	at java.io.DataInputStream.readUTF(DataInputStream.java:589) ~[?:1.8.0_241]
	at java.io.DataInputStream.readUTF(DataInputStream.java:564) ~[?:1.8.0_241]
	at com.geekbrains.chat.server.ClientHandler.authServ(ClientHandler.java:83) ~[classes/:?]
	at com.geekbrains.chat.server.ClientHandler.lambda$new$0(ClientHandler.java:32) ~[classes/:?]
	at java.util.concurrent.ThreadPoolExecutor.runWorker(ThreadPoolExecutor.java:1149) [?:1.8.0_241]
	at java.util.concurrent.ThreadPoolExecutor$Worker.run(ThreadPoolExecutor.java:624) [?:1.8.0_241]
	at java.lang.Thread.run(Thread.java:748) [?:1.8.0_241]
ERROR 2020-03-25 22:33:14 [pool-2-thread-1] (ClientHandler.java:35) - Throwing
java.net.SocketException: Connection reset
	at java.net.SocketInputStream.read(SocketInputStream.java:210) ~[?:1.8.0_241]
	at java.net.SocketInputStream.read(SocketInputStream.java:141) ~[?:1.8.0_241]
	at java.net.SocketInputStream.read(SocketInputStream.java:224) ~[?:1.8.0_241]
	at java.io.DataInputStream.readUnsignedShort(DataInputStream.java:337) ~[?:1.8.0_241]
	at java.io.DataInputStream.readUTF(DataInputStream.java:589) ~[?:1.8.0_241]
	at java.io.DataInputStream.readUTF(DataInputStream.java:564) ~[?:1.8.0_241]
	at com.geekbrains.chat.server.ClientHandler.servTetATetClient(ClientHandler.java:55) ~[classes/:?]
	at com.geekbrains.chat.server.ClientHandler.lambda$new$0(ClientHandler.java:33) ~[classes/:?]
	at java.util.concurrent.ThreadPoolExecutor.runWorker(ThreadPoolExecutor.java:1149) [?:1.8.0_241]
	at java.util.concurrent.ThreadPoolExecutor$Worker.run(ThreadPoolExecutor.java:624) [?:1.8.0_241]
	at java.lang.Thread.run(Thread.java:748) [?:1.8.0_241]
INFO  2020-03-25 22:34:21 [main] (Server.java:33) - Сервер запущен. Ожидаем подключения клиентов...
INFO  2020-03-25 22:35:15 [main] (Server.java:36) - Клиент подключился
INFO  2020-03-25 22:35:15 [pool-2-thread-1] (ClientHandler.java:84) - Сообщение от клиента: /auth login1 pass1
INFO  2020-03-25 22:35:25 [pool-2-thread-1] (ClientHandler.java:56) - Сообщение от клиента: hello
INFO  2020-03-25 22:35:36 [pool-2-thread-1] (ClientHandler.java:56) - Сообщение от клиента: login
INFO  2020-03-25 22:35:42 [main] (Server.java:36) - Клиент подключился
INFO  2020-03-25 22:35:42 [pool-2-thread-2] (ClientHandler.java:84) - Сообщение от клиента: /auth login2 pass2
INFO  2020-03-25 22:36:24 [main] (Server.java:36) - Клиент подключился
INFO  2020-03-25 22:36:24 [pool-2-thread-3] (ClientHandler.java:84) - Сообщение от клиента: /auth login1 pass1
INFO  2020-03-25 22:37:06 [main] (Server.java:33) - Сервер запущен. Ожидаем подключения клиентов...
INFO  2020-03-25 22:37:15 [main] (Server.java:36) - Клиент подключился
INFO  2020-03-25 22:37:15 [pool-2-thread-1] (ClientHandler.java:84) - Сообщение от клиента: /auth login1 pass1
INFO  2020-03-25 22:37:28 [pool-2-thread-1] (ClientHandler.java:56) - Сообщение от клиента: af
INFO  2020-03-25 22:37:29 [pool-2-thread-1] (ClientHandler.java:56) - Сообщение от клиента: sdf
INFO  2020-03-25 22:37:48 [main] (Server.java:33) - Сервер запущен. Ожидаем подключения клиентов...
INFO  2020-03-25 22:38:02 [main] (Server.java:36) - Клиент подключился
INFO  2020-03-25 22:38:07 [pool-2-thread-1] (ClientHandler.java:84) - Сообщение от клиента: /auth login1 pass1
INFO  2020-03-25 22:38:42 [main] (Server.java:36) - Клиент подключился
INFO  2020-03-25 22:38:42 [pool-2-thread-2] (ClientHandler.java:84) - Сообщение от клиента: /auth login2 pass2
INFO  2020-03-25 22:43:11 [main] (Server.java:33) - Сервер запущен. Ожидаем подключения клиентов...
INFO  2020-03-25 22:43:23 [main] (Server.java:36) - Клиент подключился
INFO  2020-03-25 22:43:23 [pool-2-thread-1] (ClientHandler.java:84) - Сообщение от клиента: /auth login2 pass2
INFO  2020-03-25 22:43:29 [main] (Server.java:36) - Клиент подключился
INFO  2020-03-25 22:43:29 [pool-2-thread-2] (ClientHandler.java:84) - Сообщение от клиента: /auth login3 pass3
INFO  2020-03-25 22:44:40 [pool-2-thread-1] (ClientHandler.java:56) - Сообщение от клиента: /change_nick Роман
INFO  2020-03-25 22:45:23 [pool-2-thread-1] (ClientHandler.java:56) - Сообщение от клиента: аф
INFO  2020-03-25 22:45:32 [pool-2-thread-1] (ClientHandler.java:56) - Сообщение от клиента: /change_nick Колян
INFO  2020-03-25 22:45:56 [main] (Server.java:36) - Клиент подключился
INFO  2020-03-25 22:45:56 [pool-2-thread-3] (ClientHandler.java:84) - Сообщение от клиента: /auth login2 pass2
ERROR 2020-03-25 22:46:15 [pool-2-thread-3] (ClientHandler.java:35) - Throwing
java.net.SocketException: Connection reset
	at java.net.SocketInputStream.read(SocketInputStream.java:210) ~[?:1.8.0_241]
	at java.net.SocketInputStream.read(SocketInputStream.java:141) ~[?:1.8.0_241]
	at java.net.SocketInputStream.read(SocketInputStream.java:224) ~[?:1.8.0_241]
	at java.io.DataInputStream.readUnsignedShort(DataInputStream.java:337) ~[?:1.8.0_241]
	at java.io.DataInputStream.readUTF(DataInputStream.java:589) ~[?:1.8.0_241]
	at java.io.DataInputStream.readUTF(DataInputStream.java:564) ~[?:1.8.0_241]
	at com.geekbrains.chat.server.ClientHandler.servTetATetClient(ClientHandler.java:55) ~[classes/:?]
	at com.geekbrains.chat.server.ClientHandler.lambda$new$0(ClientHandler.java:33) ~[classes/:?]
	at java.util.concurrent.ThreadPoolExecutor.runWorker(ThreadPoolExecutor.java:1149) [?:1.8.0_241]
	at java.util.concurrent.ThreadPoolExecutor$Worker.run(ThreadPoolExecutor.java:624) [?:1.8.0_241]
	at java.lang.Thread.run(Thread.java:748) [?:1.8.0_241]
INFO  2020-03-25 22:46:30 [main] (Server.java:33) - Сервер запущен. Ожидаем подключения клиентов...
INFO  2020-03-25 22:46:45 [main] (Server.java:36) - Клиент подключился
INFO  2020-03-25 22:46:45 [pool-2-thread-1] (ClientHandler.java:84) - Сообщение от клиента: /auth login1 pass1
INFO  2020-03-25 22:46:53 [main] (Server.java:36) - Клиент подключился
INFO  2020-03-25 22:46:53 [pool-2-thread-2] (ClientHandler.java:84) - Сообщение от клиента: /auth login2 pass2
INFO  2020-03-25 22:46:59 [main] (Server.java:36) - Клиент подключился
INFO  2020-03-25 22:46:59 [pool-2-thread-3] (ClientHandler.java:84) - Сообщение от клиента: /auth login3 pass3
INFO  2020-03-25 22:47:06 [pool-2-thread-2] (ClientHandler.java:56) - Сообщение от клиента: hello
INFO  2020-03-25 22:47:10 [pool-2-thread-3] (ClientHandler.java:56) - Сообщение от клиента: /w Алексей hi
INFO  2020-03-25 22:47:14 [pool-2-thread-3] (ClientHandler.java:56) - Сообщение от клиента: /end
INFO  2020-03-25 22:47:21 [main] (Server.java:36) - Клиент подключился
INFO  2020-03-25 22:47:21 [pool-2-thread-3] (ClientHandler.java:84) - Сообщение от клиента: /auth login3 pass3
ERROR 2020-03-25 22:47:24 [pool-2-thread-3] (ClientHandler.java:35) - Throwing
java.net.SocketException: Connection reset
	at java.net.SocketInputStream.read(SocketInputStream.java:210) ~[?:1.8.0_241]
	at java.net.SocketInputStream.read(SocketInputStream.java:141) ~[?:1.8.0_241]
	at java.net.SocketInputStream.read(SocketInputStream.java:224) ~[?:1.8.0_241]
	at java.io.DataInputStream.readUnsignedShort(DataInputStream.java:337) ~[?:1.8.0_241]
	at java.io.DataInputStream.readUTF(DataInputStream.java:589) ~[?:1.8.0_241]
	at java.io.DataInputStream.readUTF(DataInputStream.java:564) ~[?:1.8.0_241]
	at com.geekbrains.chat.server.ClientHandler.servTetATetClient(ClientHandler.java:55) ~[classes/:?]
	at com.geekbrains.chat.server.ClientHandler.lambda$new$0(ClientHandler.java:33) ~[classes/:?]
	at java.util.concurrent.ThreadPoolExecutor.runWorker(ThreadPoolExecutor.java:1149) [?:1.8.0_241]
	at java.util.concurrent.ThreadPoolExecutor$Worker.run(ThreadPoolExecutor.java:624) [?:1.8.0_241]
	at java.lang.Thread.run(Thread.java:748) [?:1.8.0_241]
ERROR 2020-03-25 22:47:24 [pool-2-thread-1] (ClientHandler.java:35) - Throwing
java.net.SocketException: Connection reset
	at java.net.SocketInputStream.read(SocketInputStream.java:210) ~[?:1.8.0_241]
	at java.net.SocketInputStream.read(SocketInputStream.java:141) ~[?:1.8.0_241]
	at java.net.SocketInputStream.read(SocketInputStream.java:224) ~[?:1.8.0_241]
	at java.io.DataInputStream.readUnsignedShort(DataInputStream.java:337) ~[?:1.8.0_241]
	at java.io.DataInputStream.readUTF(DataInputStream.java:589) ~[?:1.8.0_241]
	at java.io.DataInputStream.readUTF(DataInputStream.java:564) ~[?:1.8.0_241]
	at com.geekbrains.chat.server.ClientHandler.servTetATetClient(ClientHandler.java:55) ~[classes/:?]
	at com.geekbrains.chat.server.ClientHandler.lambda$new$0(ClientHandler.java:33) ~[classes/:?]
	at java.util.concurrent.ThreadPoolExecutor.runWorker(ThreadPoolExecutor.java:1149) [?:1.8.0_241]
	at java.util.concurrent.ThreadPoolExecutor$Worker.run(ThreadPoolExecutor.java:624) [?:1.8.0_241]
	at java.lang.Thread.run(Thread.java:748) [?:1.8.0_241]
ERROR 2020-03-25 22:47:25 [pool-2-thread-2] (ClientHandler.java:35) - Throwing
java.net.SocketException: Connection reset
	at java.net.SocketInputStream.read(SocketInputStream.java:210) ~[?:1.8.0_241]
	at java.net.SocketInputStream.read(SocketInputStream.java:141) ~[?:1.8.0_241]
	at java.net.SocketInputStream.read(SocketInputStream.java:224) ~[?:1.8.0_241]
	at java.io.DataInputStream.readUnsignedShort(DataInputStream.java:337) ~[?:1.8.0_241]
	at java.io.DataInputStream.readUTF(DataInputStream.java:589) ~[?:1.8.0_241]
	at java.io.DataInputStream.readUTF(DataInputStream.java:564) ~[?:1.8.0_241]
	at com.geekbrains.chat.server.ClientHandler.servTetATetClient(ClientHandler.java:55) ~[classes/:?]
	at com.geekbrains.chat.server.ClientHandler.lambda$new$0(ClientHandler.java:33) ~[classes/:?]
	at java.util.concurrent.ThreadPoolExecutor.runWorker(ThreadPoolExecutor.java:1149) [?:1.8.0_241]
	at java.util.concurrent.ThreadPoolExecutor$Worker.run(ThreadPoolExecutor.java:624) [?:1.8.0_241]
	at java.lang.Thread.run(Thread.java:748) [?:1.8.0_241]
INFO  2020-03-25 23:00:48 [main] (Server.java:33) - Сервер запущен. Ожидаем подключения клиентов...
INFO  2020-03-25 23:03:56 [main] (Server.java:33) - Сервер запущен. Ожидаем подключения клиентов...
INFO  2020-03-25 23:04:24 [main] (Server.java:36) - Клиент подключился
INFO  2020-03-25 23:04:24 [pool-2-thread-1] (ClientHandler.java:84) - Сообщение от клиента: /auth login1 pass1
INFO  2020-03-25 23:04:27 [pool-2-thread-1] (ClientHandler.java:56) - Сообщение от клиента: asfas
ERROR 2020-03-25 23:04:29 [pool-2-thread-1] (ClientHandler.java:35) - Throwing
java.net.SocketException: Connection reset
	at java.net.SocketInputStream.read(SocketInputStream.java:210) ~[?:1.8.0_241]
	at java.net.SocketInputStream.read(SocketInputStream.java:141) ~[?:1.8.0_241]
	at java.net.SocketInputStream.read(SocketInputStream.java:224) ~[?:1.8.0_241]
	at java.io.DataInputStream.readUnsignedShort(DataInputStream.java:337) ~[?:1.8.0_241]
	at java.io.DataInputStream.readUTF(DataInputStream.java:589) ~[?:1.8.0_241]
	at java.io.DataInputStream.readUTF(DataInputStream.java:564) ~[?:1.8.0_241]
	at com.geekbrains.chat.server.ClientHandler.servTetATetClient(ClientHandler.java:55) ~[classes/:?]
	at com.geekbrains.chat.server.ClientHandler.lambda$new$0(ClientHandler.java:33) ~[classes/:?]
	at java.util.concurrent.ThreadPoolExecutor.runWorker(ThreadPoolExecutor.java:1149) [?:1.8.0_241]
	at java.util.concurrent.ThreadPoolExecutor$Worker.run(ThreadPoolExecutor.java:624) [?:1.8.0_241]
	at java.lang.Thread.run(Thread.java:748) [?:1.8.0_241]
